IP Upgrade report for sdram_top
Thu Apr  6 13:23:22 2023
Quartus Prime Version 22.1std.1 Build 917 02/14/2023 SC Lite Edition


---------------------
; Table of Contents ;
---------------------
  1. Legal Notice
  2. IP Upgrade Summary
  3. IP Upgrade Messages



----------------
; Legal Notice ;
----------------
Copyright (C) 2023  Intel Corporation. All rights reserved.
Your use of Intel Corporation's design tools, logic functions 
and other software and tools, and any partner logic 
functions, and any output files from any of the foregoing 
(including device programming or simulation files), and any 
associated documentation or information are expressly subject 
to the terms and conditions of the Intel Program License 
Subscription Agreement, the Intel Quartus Prime License Agreement,
the Intel FPGA IP License Agreement, or other applicable license
agreement, including, without limitation, that your use is for
the sole purpose of programming logic devices manufactured by
Intel and sold by Intel or its authorized distributors.  Please
refer to the applicable agreement for further details, at
https://fpgasoftware.intel.com/eula.



+-------------------------------------------------------------------------------+
; IP Upgrade Summary                                                            ;
+------------------------------+------------------------------------------------+
; IP Components Upgrade Status ; Failed - Thu Apr  6 13:23:22 2023              ;
; Quartus Prime Version        ; 22.1std.1 Build 917 02/14/2023 SC Lite Edition ;
; Revision Name                ; sdram_top                                      ;
; Top-level Entity Name        ; sdram_top                                      ;
; Family                       ; Cyclone IV E                                   ;
+------------------------------+------------------------------------------------+


+---------------------+
; IP Upgrade Messages ;
+---------------------+
Info (23030): Evaluation of Tcl script d:/intelfpga_lite/22.1std/quartus/common/tcl/internal/ip_regen/ip_regen.tcl was successful
Info: Quartus Prime Shell was successful. 0 errors, 0 warnings
    Info: Peak virtual memory: 4886 megabytes
    Info: Processing ended: Thu Apr  6 13:23:22 2023
    Info: Elapsed time: 00:00:07
    Info: Total CPU time (on all processors): 00:00:20


